Using pre-set license
Built from '2020.2/release' branch; Version is '2020.2.4f1 (becced5a802b) revision 12504301'; Using compiler version '192528614'; Build Type 'Release'
OS: 'Windows 10 Home; OS build 19042.867; Version 2009; 64bit' Language: 'en' Physical Memory: 8144 MB
BatchMode: 1, IsHumanControllingUs: 0, StartBugReporterOnCrash: 0, Is64bit: 1, IsPro: 0

 COMMAND LINE ARGUMENTS:
C:\Program Files\Unity\Hub\Editor\2020.2.4f1\Editor\Unity.exe
-adb2
-batchMode
-noUpm
-name
AssetImportWorker1
-projectPath
C:/Game Projects/Junkyard
-logFile
Logs/AssetImportWorker1.log
-srvPort
59606
Successfully changed project path to: C:/Game Projects/Junkyard
C:/Game Projects/Junkyard
Using Asset Import Pipeline V2.
Refreshing native plugins compatible for Editor in 62.63 ms, found 1 plugins.
Preloading 0 native plugins for Editor in 0.00 ms.
Initialize engine version: 2020.2.4f1 (becced5a802b)
[Subsystems] Discovering subsystems at path C:/Program Files/Unity/Hub/Editor/2020.2.4f1/Editor/Data/Resources/UnitySubsystems
[Subsystems] Discovering subsystems at path C:/Game Projects/Junkyard/Assets
GfxDevice: creating device client; threaded=0
Direct3D:
    Version:  Direct3D 11.0 [level 11.1]
    Renderer: NVIDIA GeForce GTX 1060 6GB (ID=0x1c03)
    Vendor:   
    VRAM:     6052 MB
    Driver:   27.21.14.5671
Initialize mono
Mono path[0] = 'C:/Program Files/Unity/Hub/Editor/2020.2.4f1/Editor/Data/Managed'
Mono path[1] = 'C:/Program Files/Unity/Hub/Editor/2020.2.4f1/Editor/Data/MonoBleedingEdge/lib/mono/unityjit'
Mono config path = 'C:/Program Files/Unity/Hub/Editor/2020.2.4f1/Editor/Data/MonoBleedingEdge/etc'
Using monoOptions --debugger-agent=transport=dt_socket,embedding=1,server=y,suspend=n,address=127.0.0.1:56220
Begin MonoManager ReloadAssembly
Registering precompiled unity dll's ...
Register platform support module: C:/Program Files/Unity/Hub/Editor/2020.2.4f1/Editor/Data/PlaybackEngines/WebGLSupport/UnityEditor.WebGL.Extensions.dll
Register platform support module: C:/Program Files/Unity/Hub/Editor/2020.2.4f1/Editor/Data/PlaybackEngines/WindowsStandaloneSupport/UnityEditor.WindowsStandalone.Extensions.dll
Registered in 0.003373 seconds.
Native extension for WindowsStandalone target not found
Native extension for WebGL target not found
Refreshing native plugins compatible for Editor in 57.91 ms, found 1 plugins.
Preloading 0 native plugins for Editor in 0.00 ms.
Invoked RoslynAnalysisRunner static constructor.
RoslynAnalysisRunner will not be running.
RoslynAnalysisRunner has terminated.
Mono: successfully reloaded assembly
- Completed reload, in  6.413 seconds
Platform modules already initialized, skipping
Registering precompiled user dll's ...
Registered in 0.002817 seconds.
Begin MonoManager ReloadAssembly
Native extension for WindowsStandalone target not found
Native extension for WebGL target not found
Refreshing native plugins compatible for Editor in 61.08 ms, found 1 plugins.
Preloading 0 native plugins for Editor in 0.00 ms.
Invoked RoslynAnalysisRunner static constructor.
RoslynAnalysisRunner will not be running.
RoslynAnalysisRunner has terminated.
Mono: successfully reloaded assembly
- Completed reload, in  1.260 seconds
Platform modules already initialized, skipping
========================================================================
Worker process is ready to serve import requests
Launched and connected shader compiler UnityShaderCompiler.exe after 0.29 seconds
Refreshing native plugins compatible for Editor in 0.99 ms, found 1 plugins.
Preloading 0 native plugins for Editor in 0.00 ms.
Unloading 1841 Unused Serialized files (Serialized files now loaded: 0)
System memory in use before: 87.5 MB.
System memory in use after: 87.5 MB.

Unloading 24 unused Assets to reduce memory usage. Loaded Objects now: 2284.
Total: 2.828400 ms (FindLiveObjects: 0.265800 ms CreateObjectMapping: 0.071100 ms MarkObjects: 2.313500 ms  DeleteObjects: 0.176300 ms)

========================================================================
Received Import Request.
  path: Assets/Prefabs/Test
  artifactKey: Guid(1b3c722556e7af84ebf2869b98149e45) Importer(815301076,1909f56bfc062723c751e8b465ee728b)
Start importing Assets/Prefabs/Test using Guid(1b3c722556e7af84ebf2869b98149e45) Importer(815301076,1909f56bfc062723c751e8b465ee728b)  -> (artifact id: '0deab2c0a7ec2772511d5eaecf3d4c19') in 0.024012 seconds
  Import took 0.053541 seconds .

========================================================================
Received Prepare
Registering precompiled user dll's ...
Registered in 0.001499 seconds.
Begin MonoManager ReloadAssembly
Native extension for WindowsStandalone target not found
Native extension for WebGL target not found
Refreshing native plugins compatible for Editor in 0.60 ms, found 1 plugins.
Preloading 0 native plugins for Editor in 0.00 ms.
Invoked RoslynAnalysisRunner static constructor.
RoslynAnalysisRunner will not be running.
RoslynAnalysisRunner has terminated.
Mono: successfully reloaded assembly
- Completed reload, in  1.141 seconds
Platform modules already initialized, skipping
Refreshing native plugins compatible for Editor in 0.61 ms, found 1 plugins.
Preloading 0 native plugins for Editor in 0.00 ms.
Unloading 1824 Unused Serialized files (Serialized files now loaded: 0)
System memory in use before: 86.6 MB.
System memory in use after: 86.6 MB.

Unloading 13 unused Assets to reduce memory usage. Loaded Objects now: 2286.
Total: 2.370200 ms (FindLiveObjects: 0.249000 ms CreateObjectMapping: 0.050000 ms MarkObjects: 1.932700 ms  DeleteObjects: 0.137200 ms)

========================================================================
Received Prepare
Registering precompiled user dll's ...
Registered in 0.001643 seconds.
Begin MonoManager ReloadAssembly
Native extension for WindowsStandalone target not found
Native extension for WebGL target not found
Refreshing native plugins compatible for Editor in 0.60 ms, found 1 plugins.
Preloading 0 native plugins for Editor in 0.00 ms.
Invoked RoslynAnalysisRunner static constructor.
RoslynAnalysisRunner will not be running.
RoslynAnalysisRunner has terminated.
Mono: successfully reloaded assembly
- Completed reload, in  1.075 seconds
Platform modules already initialized, skipping
Refreshing native plugins compatible for Editor in 0.59 ms, found 1 plugins.
Preloading 0 native plugins for Editor in 0.00 ms.
Unloading 1824 Unused Serialized files (Serialized files now loaded: 0)
System memory in use before: 86.6 MB.
System memory in use after: 86.6 MB.

Unloading 13 unused Assets to reduce memory usage. Loaded Objects now: 2288.
Total: 2.413300 ms (FindLiveObjects: 0.241900 ms CreateObjectMapping: 0.051600 ms MarkObjects: 1.982200 ms  DeleteObjects: 0.136500 ms)

========================================================================
Received Prepare
Registering precompiled user dll's ...
Registered in 0.001425 seconds.
Begin MonoManager ReloadAssembly
Native extension for WindowsStandalone target not found
Native extension for WebGL target not found
Refreshing native plugins compatible for Editor in 0.61 ms, found 1 plugins.
Preloading 0 native plugins for Editor in 0.00 ms.
Invoked RoslynAnalysisRunner static constructor.
RoslynAnalysisRunner will not be running.
RoslynAnalysisRunner has terminated.
Mono: successfully reloaded assembly
- Completed reload, in  1.089 seconds
Platform modules already initialized, skipping
Refreshing native plugins compatible for Editor in 0.59 ms, found 1 plugins.
Preloading 0 native plugins for Editor in 0.00 ms.
Unloading 1824 Unused Serialized files (Serialized files now loaded: 0)
System memory in use before: 86.6 MB.
System memory in use after: 86.6 MB.

Unloading 13 unused Assets to reduce memory usage. Loaded Objects now: 2290.
Total: 2.420300 ms (FindLiveObjects: 0.249500 ms CreateObjectMapping: 0.061400 ms MarkObjects: 1.964600 ms  DeleteObjects: 0.143400 ms)

========================================================================
Received Prepare
Registering precompiled user dll's ...
Registered in 0.001411 seconds.
Begin MonoManager ReloadAssembly
Native extension for WindowsStandalone target not found
Native extension for WebGL target not found
Refreshing native plugins compatible for Editor in 0.66 ms, found 1 plugins.
Preloading 0 native plugins for Editor in 0.00 ms.
Invoked RoslynAnalysisRunner static constructor.
RoslynAnalysisRunner will not be running.
RoslynAnalysisRunner has terminated.
Mono: successfully reloaded assembly
- Completed reload, in  1.076 seconds
Platform modules already initialized, skipping
Refreshing native plugins compatible for Editor in 0.63 ms, found 1 plugins.
Preloading 0 native plugins for Editor in 0.00 ms.
Unloading 1824 Unused Serialized files (Serialized files now loaded: 0)
System memory in use before: 86.7 MB.
System memory in use after: 86.6 MB.

Unloading 13 unused Assets to reduce memory usage. Loaded Objects now: 2292.
Total: 2.491200 ms (FindLiveObjects: 0.251500 ms CreateObjectMapping: 0.050000 ms MarkObjects: 2.046900 ms  DeleteObjects: 0.140800 ms)

========================================================================
Received Prepare
Registering precompiled user dll's ...
Registered in 0.001314 seconds.
Begin MonoManager ReloadAssembly
Native extension for WindowsStandalone target not found
Native extension for WebGL target not found
Refreshing native plugins compatible for Editor in 0.61 ms, found 1 plugins.
Preloading 0 native plugins for Editor in 0.00 ms.
Invoked RoslynAnalysisRunner static constructor.
RoslynAnalysisRunner will not be running.
RoslynAnalysisRunner has terminated.
Mono: successfully reloaded assembly
- Completed reload, in  1.062 seconds
Platform modules already initialized, skipping
Refreshing native plugins compatible for Editor in 0.58 ms, found 1 plugins.
Preloading 0 native plugins for Editor in 0.00 ms.
Unloading 1824 Unused Serialized files (Serialized files now loaded: 0)
System memory in use before: 86.7 MB.
System memory in use after: 86.7 MB.

Unloading 13 unused Assets to reduce memory usage. Loaded Objects now: 2294.
Total: 2.314100 ms (FindLiveObjects: 0.247300 ms CreateObjectMapping: 0.049300 ms MarkObjects: 1.882400 ms  DeleteObjects: 0.133800 ms)

========================================================================
Received Prepare
Registering precompiled user dll's ...
Registered in 0.001331 seconds.
Begin MonoManager ReloadAssembly
Native extension for WindowsStandalone target not found
Native extension for WebGL target not found
Refreshing native plugins compatible for Editor in 0.62 ms, found 1 plugins.
Preloading 0 native plugins for Editor in 0.00 ms.
Invoked RoslynAnalysisRunner static constructor.
RoslynAnalysisRunner will not be running.
RoslynAnalysisRunner has terminated.
Mono: successfully reloaded assembly
- Completed reload, in  1.072 seconds
Platform modules already initialized, skipping
Refreshing native plugins compatible for Editor in 0.68 ms, found 1 plugins.
Preloading 0 native plugins for Editor in 0.00 ms.
Unloading 1824 Unused Serialized files (Serialized files now loaded: 0)
System memory in use before: 86.7 MB.
System memory in use after: 86.7 MB.

Unloading 13 unused Assets to reduce memory usage. Loaded Objects now: 2296.
Total: 2.298400 ms (FindLiveObjects: 0.237800 ms CreateObjectMapping: 0.050600 ms MarkObjects: 1.879000 ms  DeleteObjects: 0.129600 ms)

========================================================================
Received Prepare
Registering precompiled user dll's ...
Registered in 0.001475 seconds.
Begin MonoManager ReloadAssembly
Native extension for WindowsStandalone target not found
Native extension for WebGL target not found
Refreshing native plugins compatible for Editor in 0.59 ms, found 1 plugins.
Preloading 0 native plugins for Editor in 0.00 ms.
Invoked RoslynAnalysisRunner static constructor.
RoslynAnalysisRunner will not be running.
RoslynAnalysisRunner has terminated.
Mono: successfully reloaded assembly
- Completed reload, in  1.076 seconds
Platform modules already initialized, skipping
Refreshing native plugins compatible for Editor in 0.73 ms, found 1 plugins.
Preloading 0 native plugins for Editor in 0.00 ms.
Unloading 1824 Unused Serialized files (Serialized files now loaded: 0)
System memory in use before: 86.7 MB.
System memory in use after: 86.7 MB.

Unloading 13 unused Assets to reduce memory usage. Loaded Objects now: 2298.
Total: 2.601800 ms (FindLiveObjects: 0.426400 ms CreateObjectMapping: 0.108600 ms MarkObjects: 1.919700 ms  DeleteObjects: 0.145500 ms)

========================================================================
Received Import Request.
  Time since last request: 644.005717 seconds.
  path: Assets/BayatGames/Free Platform Game Assets/Tiles/2D Tiles ( Update 1.9 )/Spring/256x256/GrassHillRight2 DownShadow.png
  artifactKey: Guid(dabe91581cff3fc4d8b2185a6476ef4f) Importer(815301076,1909f56bfc062723c751e8b465ee728b)
Start importing Assets/BayatGames/Free Platform Game Assets/Tiles/2D Tiles ( Update 1.9 )/Spring/256x256/GrassHillRight2 DownShadow.png using Guid(dabe91581cff3fc4d8b2185a6476ef4f) Importer(815301076,1909f56bfc062723c751e8b465ee728b)  -> (artifact id: '3c13b186ce207f2b6d98e910582d006c') in 1.294231 seconds
  Import took 1.348505 seconds .

========================================================================
Received Import Request.
  Time since last request: 0.000279 seconds.
  path: Assets/BayatGames/Free Platform Game Assets/Coin Animation/png/4x/image 4.png
  artifactKey: Guid(76335bd232db0aa44948af7af403124d) Importer(815301076,1909f56bfc062723c751e8b465ee728b)
Start importing Assets/BayatGames/Free Platform Game Assets/Coin Animation/png/4x/image 4.png using Guid(76335bd232db0aa44948af7af403124d) Importer(815301076,1909f56bfc062723c751e8b465ee728b)  -> (artifact id: '24ba92a2c391b6f05904533a2b0cf0c3') in 0.070867 seconds
  Import took 0.099443 seconds .

========================================================================
Received Import Request.
  Time since last request: 0.000267 seconds.
  path: Assets/BayatGames/Free Platform Game Assets/Tiles/2.5D Tiles/Winter ( Update 1.9 )/256x256/GrassRight.png
  artifactKey: Guid(afd5d06f679703843ae3c847c4c08dab) Importer(815301076,1909f56bfc062723c751e8b465ee728b)
Start importing Assets/BayatGames/Free Platform Game Assets/Tiles/2.5D Tiles/Winter ( Update 1.9 )/256x256/GrassRight.png using Guid(afd5d06f679703843ae3c847c4c08dab) Importer(815301076,1909f56bfc062723c751e8b465ee728b)  -> (artifact id: '8f5fb1063b27e55c702fb6bcb826486e') in 0.069165 seconds
  Import took 0.089609 seconds .

========================================================================
Received Import Request.
  Time since last request: 0.000276 seconds.
  path: Assets/BayatGames/Free Platform Game Assets/Coin Animation/png/4x/image 6.png
  artifactKey: Guid(65268f959ff4e6147bd5e0d3616168de) Importer(815301076,1909f56bfc062723c751e8b465ee728b)
Start importing Assets/BayatGames/Free Platform Game Assets/Coin Animation/png/4x/image 6.png using Guid(65268f959ff4e6147bd5e0d3616168de) Importer(815301076,1909f56bfc062723c751e8b465ee728b)  -> (artifact id: '838d4553ca7b9a758c329e02ca245d6f') in 0.049754 seconds
  Import took 0.080939 seconds .

========================================================================
Received Import Request.
  Time since last request: 0.000258 seconds.
  path: Assets/BayatGames/Free Platform Game Assets/Tiles/2D Tiles ( Update 1.9 )/Winter/128x128/GrassHillRight2 DownShadow.png
  artifactKey: Guid(013df25da8c3a244f876e4a5ac199a74) Importer(815301076,1909f56bfc062723c751e8b465ee728b)
Start importing Assets/BayatGames/Free Platform Game Assets/Tiles/2D Tiles ( Update 1.9 )/Winter/128x128/GrassHillRight2 DownShadow.png using Guid(013df25da8c3a244f876e4a5ac199a74) Importer(815301076,1909f56bfc062723c751e8b465ee728b)  -> (artifact id: '996683cd9fbe4ea33066f5b130a28ba2') in 0.080291 seconds
  Import took 0.094602 seconds .

========================================================================
Received Import Request.
  Time since last request: 0.000404 seconds.
  path: Assets/BayatGames/Free Platform Game Assets/Coin Animation/png/4x/image 5.png
  artifactKey: Guid(a9a0070104aa9b0438d7e73d4117f210) Importer(815301076,1909f56bfc062723c751e8b465ee728b)
Start importing Assets/BayatGames/Free Platform Game Assets/Coin Animation/png/4x/image 5.png using Guid(a9a0070104aa9b0438d7e73d4117f210) Importer(815301076,1909f56bfc062723c751e8b465ee728b)  -> (artifact id: '6ca9f0b698cc57bed2f1086fc9518c6d') in 0.117430 seconds
  Import took 0.142466 seconds .

========================================================================
Received Import Request.
  Time since last request: 0.000345 seconds.
  path: Assets/BayatGames/Free Platform Game Assets/Tiles/2D Tiles ( Update 1.9 )/Winter/512x512/GrassHillRight2 DownShadow.png
  artifactKey: Guid(1a2ffddc7bb742649a794bb1b55fb9b9) Importer(815301076,1909f56bfc062723c751e8b465ee728b)
Start importing Assets/BayatGames/Free Platform Game Assets/Tiles/2D Tiles ( Update 1.9 )/Winter/512x512/GrassHillRight2 DownShadow.png using Guid(1a2ffddc7bb742649a794bb1b55fb9b9) Importer(815301076,1909f56bfc062723c751e8b465ee728b)  -> (artifact id: '8eaf210e553099cf8592184e5ad32ebd') in 0.042291 seconds
  Import took 0.045957 seconds .

========================================================================
Received Import Request.
  Time since last request: 0.000242 seconds.
  path: Assets/BayatGames/Free Platform Game Assets/Coin Animation/png/2x/image 5.png
  artifactKey: Guid(93932efaf072000449ce4c111911cfe3) Importer(815301076,1909f56bfc062723c751e8b465ee728b)
Start importing Assets/BayatGames/Free Platform Game Assets/Coin Animation/png/2x/image 5.png using Guid(93932efaf072000449ce4c111911cfe3) Importer(815301076,1909f56bfc062723c751e8b465ee728b)  -> (artifact id: '745b2d16c89beb566ca68be6d617ad6f') in 0.048421 seconds
  Import took 0.063117 seconds .

========================================================================
Received Import Request.
  Time since last request: 0.000471 seconds.
  path: Assets/BayatGames/Free Platform Game Assets/Tiles/2D Tiles ( Update 1.9 )/Spring/512x512/GrassHillRight2 DownShadow.png
  artifactKey: Guid(0a6568a3c44837a40aabdbb3d0d1d0be) Importer(815301076,1909f56bfc062723c751e8b465ee728b)
Start importing Assets/BayatGames/Free Platform Game Assets/Tiles/2D Tiles ( Update 1.9 )/Spring/512x512/GrassHillRight2 DownShadow.png using Guid(0a6568a3c44837a40aabdbb3d0d1d0be) Importer(815301076,1909f56bfc062723c751e8b465ee728b)  -> (artifact id: 'a5ceb6126d699993e90a9b9efc397d2e') in 0.042066 seconds
  Import took 0.053394 seconds .

========================================================================
Received Import Request.
  Time since last request: 0.000270 seconds.
  path: Assets/BayatGames/Free Platform Game Assets/Coin Animation/png/4x/image 3.png
  artifactKey: Guid(0a78cf85f9051204db2d29b987fdbf3c) Importer(815301076,1909f56bfc062723c751e8b465ee728b)
Start importing Assets/BayatGames/Free Platform Game Assets/Coin Animation/png/4x/image 3.png using Guid(0a78cf85f9051204db2d29b987fdbf3c) Importer(815301076,1909f56bfc062723c751e8b465ee728b)  -> (artifact id: '643c2198ff19b417e68580f2b6b6ca7f') in 0.040614 seconds
  Import took 0.052803 seconds .

========================================================================
Received Import Request.
  Time since last request: 0.000262 seconds.
  path: Assets/BayatGames/Free Platform Game Assets/Tiles/2D Tiles ( Update 1.9 )/Winter/256x256/GrassHillRight2 DownShadow.png
  artifactKey: Guid(789f3d9cbca53b647a3cc33b4dbf1b08) Importer(815301076,1909f56bfc062723c751e8b465ee728b)
Start importing Assets/BayatGames/Free Platform Game Assets/Tiles/2D Tiles ( Update 1.9 )/Winter/256x256/GrassHillRight2 DownShadow.png using Guid(789f3d9cbca53b647a3cc33b4dbf1b08) Importer(815301076,1909f56bfc062723c751e8b465ee728b)  -> (artifact id: '2c1cab609d2c9673b3fe2c268700629f') in 0.075773 seconds
  Import took 0.130471 seconds .

========================================================================
Received Import Request.
  Time since last request: 0.000266 seconds.
  path: Assets/BayatGames/Free Platform Game Assets/Coin Animation/png/2x/image 4.png
  artifactKey: Guid(829702d123e43a54c80bc02a11288a82) Importer(815301076,1909f56bfc062723c751e8b465ee728b)
Start importing Assets/BayatGames/Free Platform Game Assets/Coin Animation/png/2x/image 4.png using Guid(829702d123e43a54c80bc02a11288a82) Importer(815301076,1909f56bfc062723c751e8b465ee728b)  -> (artifact id: 'ed8232cd57813b6e2086bce0a04fb698') in 0.036361 seconds
  Import took 0.125957 seconds .

========================================================================
Received Import Request.
  Time since last request: 0.000260 seconds.
  path: Assets/BayatGames/Free Platform Game Assets/Chests/New Chests ( Update 1.8.5 )/png/Sliced/Model-2/2x/Model2-Head-7-2x.png
  artifactKey: Guid(5d58c814ee06c8341964250be8f0ba08) Importer(815301076,1909f56bfc062723c751e8b465ee728b)
Start importing Assets/BayatGames/Free Platform Game Assets/Chests/New Chests ( Update 1.8.5 )/png/Sliced/Model-2/2x/Model2-Head-7-2x.png using Guid(5d58c814ee06c8341964250be8f0ba08) Importer(815301076,1909f56bfc062723c751e8b465ee728b)  -> (artifact id: '6a2b0340cc0ef2488611802c076daf57') in 0.137520 seconds
  Import took 0.159215 seconds .

========================================================================
Received Import Request.
  Time since last request: 0.000521 seconds.
  path: Assets/BayatGames/Free Platform Game Assets/Tiles/2.5D Tiles/Winter ( Update 1.9 )/128x128/GrassRight.png
  artifactKey: Guid(2ab95e895b3b5b2478d970022e1a562e) Importer(815301076,1909f56bfc062723c751e8b465ee728b)
Start importing Assets/BayatGames/Free Platform Game Assets/Tiles/2.5D Tiles/Winter ( Update 1.9 )/128x128/GrassRight.png using Guid(2ab95e895b3b5b2478d970022e1a562e) Importer(815301076,1909f56bfc062723c751e8b465ee728b)  -> (artifact id: '7d6c79ac014721148a4a2cd9435c4b3d') in 0.193343 seconds
  Import took 0.227456 seconds .

========================================================================
Received Import Request.
  Time since last request: 0.000266 seconds.
  path: Assets/Sprites/Level/Ground/GrassHillRight2_Down Shadow.png
  artifactKey: Guid(317442dc9511fa744aa68803a37b63f3) Importer(815301076,1909f56bfc062723c751e8b465ee728b)
Start importing Assets/Sprites/Level/Ground/GrassHillRight2_Down Shadow.png using Guid(317442dc9511fa744aa68803a37b63f3) Importer(815301076,1909f56bfc062723c751e8b465ee728b)  -> (artifact id: '5a0cb757613fb6d1b57afb59d97f8231') in 0.104979 seconds
  Import took 0.120764 seconds .

========================================================================
Received Import Request.
  Time since last request: 29.506298 seconds.
  path: Assets/Sprites/Level/Cosmetic/8x/Tree.png
  artifactKey: Guid(0e141e3371de4a745962f5fa234ae937) Importer(815301076,1909f56bfc062723c751e8b465ee728b)
Start importing Assets/Sprites/Level/Cosmetic/8x/Tree.png using Guid(0e141e3371de4a745962f5fa234ae937) Importer(815301076,1909f56bfc062723c751e8b465ee728b)  -> (artifact id: '96a0be296b7ac3176701882be3c0796b') in 0.224502 seconds
  Import took 0.229959 seconds .

========================================================================
Received Import Request.
  Time since last request: 0.100210 seconds.
  path: Assets/BayatGames/Free Platform Game Assets/Environments/New Details ( Update 1.9 )/4x/Tree.png
  artifactKey: Guid(a29e536a6beb98749aeac4557317506e) Importer(815301076,1909f56bfc062723c751e8b465ee728b)
Start importing Assets/BayatGames/Free Platform Game Assets/Environments/New Details ( Update 1.9 )/4x/Tree.png using Guid(a29e536a6beb98749aeac4557317506e) Importer(815301076,1909f56bfc062723c751e8b465ee728b)  -> (artifact id: 'acad8f54920f505ab7524d2054e64a3a') in 0.119045 seconds
  Import took 0.134959 seconds .

========================================================================
Received Prepare
Registering precompiled user dll's ...
Registered in 0.001387 seconds.
Begin MonoManager ReloadAssembly
Native extension for WindowsStandalone target not found
Native extension for WebGL target not found
Refreshing native plugins compatible for Editor in 0.59 ms, found 1 plugins.
Preloading 0 native plugins for Editor in 0.00 ms.
Invoked RoslynAnalysisRunner static constructor.
RoslynAnalysisRunner will not be running.
RoslynAnalysisRunner has terminated.
Mono: successfully reloaded assembly
- Completed reload, in  1.097 seconds
Platform modules already initialized, skipping
Refreshing native plugins compatible for Editor in 0.62 ms, found 1 plugins.
Preloading 0 native plugins for Editor in 0.00 ms.
Unloading 1824 Unused Serialized files (Serialized files now loaded: 0)
System memory in use before: 90.0 MB.
System memory in use after: 90.0 MB.

Unloading 13 unused Assets to reduce memory usage. Loaded Objects now: 2316.
Total: 2.456600 ms (FindLiveObjects: 0.254700 ms CreateObjectMapping: 0.052500 ms MarkObjects: 2.009500 ms  DeleteObjects: 0.138700 ms)

========================================================================
Received Prepare
Registering precompiled user dll's ...
Registered in 0.001412 seconds.
Begin MonoManager ReloadAssembly
Native extension for WindowsStandalone target not found
Native extension for WebGL target not found
Refreshing native plugins compatible for Editor in 0.58 ms, found 1 plugins.
Preloading 0 native plugins for Editor in 0.00 ms.
Invoked RoslynAnalysisRunner static constructor.
RoslynAnalysisRunner will not be running.
RoslynAnalysisRunner has terminated.
Mono: successfully reloaded assembly
- Completed reload, in  1.071 seconds
Platform modules already initialized, skipping
Refreshing native plugins compatible for Editor in 0.60 ms, found 1 plugins.
Preloading 0 native plugins for Editor in 0.00 ms.
Unloading 1824 Unused Serialized files (Serialized files now loaded: 0)
System memory in use before: 90.0 MB.
System memory in use after: 90.0 MB.

Unloading 13 unused Assets to reduce memory usage. Loaded Objects now: 2318.
Total: 2.647800 ms (FindLiveObjects: 0.272800 ms CreateObjectMapping: 0.068100 ms MarkObjects: 2.154100 ms  DeleteObjects: 0.151400 ms)

========================================================================
Received Prepare
Registering precompiled user dll's ...
Registered in 0.001433 seconds.
Begin MonoManager ReloadAssembly
Native extension for WindowsStandalone target not found
Native extension for WebGL target not found
Refreshing native plugins compatible for Editor in 0.60 ms, found 1 plugins.
Preloading 0 native plugins for Editor in 0.00 ms.
Invoked RoslynAnalysisRunner static constructor.
RoslynAnalysisRunner will not be running.
RoslynAnalysisRunner has terminated.
Mono: successfully reloaded assembly
- Completed reload, in  1.079 seconds
Platform modules already initialized, skipping
Refreshing native plugins compatible for Editor in 0.59 ms, found 1 plugins.
Preloading 0 native plugins for Editor in 0.00 ms.
Unloading 1824 Unused Serialized files (Serialized files now loaded: 0)
System memory in use before: 90.0 MB.
System memory in use after: 90.0 MB.

Unloading 13 unused Assets to reduce memory usage. Loaded Objects now: 2320.
Total: 2.485100 ms (FindLiveObjects: 0.246600 ms CreateObjectMapping: 0.048700 ms MarkObjects: 2.036000 ms  DeleteObjects: 0.152500 ms)

========================================================================
Received Prepare
Registering precompiled user dll's ...
Registered in 0.001475 seconds.
Begin MonoManager ReloadAssembly
Native extension for WindowsStandalone target not found
Native extension for WebGL target not found
Refreshing native plugins compatible for Editor in 0.59 ms, found 1 plugins.
Preloading 0 native plugins for Editor in 0.00 ms.
Invoked RoslynAnalysisRunner static constructor.
RoslynAnalysisRunner will not be running.
RoslynAnalysisRunner has terminated.
Mono: successfully reloaded assembly
- Completed reload, in  1.072 seconds
Platform modules already initialized, skipping
Refreshing native plugins compatible for Editor in 0.64 ms, found 1 plugins.
Preloading 0 native plugins for Editor in 0.00 ms.
Unloading 1824 Unused Serialized files (Serialized files now loaded: 0)
System memory in use before: 90.0 MB.
System memory in use after: 90.0 MB.

Unloading 13 unused Assets to reduce memory usage. Loaded Objects now: 2322.
Total: 2.742900 ms (FindLiveObjects: 0.292600 ms CreateObjectMapping: 0.053900 ms MarkObjects: 2.249500 ms  DeleteObjects: 0.145300 ms)

========================================================================
Received Prepare
Registering precompiled user dll's ...
Registered in 0.001422 seconds.
Begin MonoManager ReloadAssembly
Native extension for WindowsStandalone target not found
Native extension for WebGL target not found
Refreshing native plugins compatible for Editor in 0.60 ms, found 1 plugins.
Preloading 0 native plugins for Editor in 0.00 ms.
Invoked RoslynAnalysisRunner static constructor.
RoslynAnalysisRunner will not be running.
RoslynAnalysisRunner has terminated.
Mono: successfully reloaded assembly
- Completed reload, in  1.068 seconds
Platform modules already initialized, skipping
Refreshing native plugins compatible for Editor in 0.58 ms, found 1 plugins.
Preloading 0 native plugins for Editor in 0.00 ms.
Unloading 1824 Unused Serialized files (Serialized files now loaded: 0)
System memory in use before: 90.0 MB.
System memory in use after: 90.0 MB.

Unloading 13 unused Assets to reduce memory usage. Loaded Objects now: 2324.
Total: 2.411200 ms (FindLiveObjects: 0.248900 ms CreateObjectMapping: 0.048400 ms MarkObjects: 1.968400 ms  DeleteObjects: 0.144200 ms)

========================================================================
Received Prepare
Registering precompiled user dll's ...
Registered in 0.001391 seconds.
Begin MonoManager ReloadAssembly
Native extension for WindowsStandalone target not found
Native extension for WebGL target not found
Refreshing native plugins compatible for Editor in 0.59 ms, found 1 plugins.
Preloading 0 native plugins for Editor in 0.00 ms.
Invoked RoslynAnalysisRunner static constructor.
RoslynAnalysisRunner will not be running.
RoslynAnalysisRunner has terminated.
Mono: successfully reloaded assembly
- Completed reload, in  1.068 seconds
Platform modules already initialized, skipping
Refreshing native plugins compatible for Editor in 0.58 ms, found 1 plugins.
Preloading 0 native plugins for Editor in 0.00 ms.
Unloading 1824 Unused Serialized files (Serialized files now loaded: 0)
System memory in use before: 90.0 MB.
System memory in use after: 90.0 MB.

Unloading 13 unused Assets to reduce memory usage. Loaded Objects now: 2326.
Total: 2.649700 ms (FindLiveObjects: 0.248100 ms CreateObjectMapping: 0.069100 ms MarkObjects: 2.185100 ms  DeleteObjects: 0.146000 ms)

========================================================================
Received Prepare
Registering precompiled user dll's ...
Registered in 0.001673 seconds.
Begin MonoManager ReloadAssembly
Native extension for WindowsStandalone target not found
Native extension for WebGL target not found
Refreshing native plugins compatible for Editor in 0.63 ms, found 1 plugins.
Preloading 0 native plugins for Editor in 0.00 ms.
Invoked RoslynAnalysisRunner static constructor.
RoslynAnalysisRunner will not be running.
RoslynAnalysisRunner has terminated.
Mono: successfully reloaded assembly
- Completed reload, in  1.119 seconds
Platform modules already initialized, skipping
Refreshing native plugins compatible for Editor in 0.58 ms, found 1 plugins.
Preloading 0 native plugins for Editor in 0.00 ms.
Unloading 1824 Unused Serialized files (Serialized files now loaded: 0)
System memory in use before: 90.0 MB.
System memory in use after: 90.0 MB.

Unloading 13 unused Assets to reduce memory usage. Loaded Objects now: 2328.
Total: 2.803700 ms (FindLiveObjects: 0.258700 ms CreateObjectMapping: 0.051600 ms MarkObjects: 2.339800 ms  DeleteObjects: 0.151900 ms)

========================================================================
Received Prepare
Registering precompiled user dll's ...
Registered in 0.001451 seconds.
Begin MonoManager ReloadAssembly
Native extension for WindowsStandalone target not found
Native extension for WebGL target not found
Refreshing native plugins compatible for Editor in 0.65 ms, found 1 plugins.
Preloading 0 native plugins for Editor in 0.00 ms.
Invoked RoslynAnalysisRunner static constructor.
RoslynAnalysisRunner will not be running.
RoslynAnalysisRunner has terminated.
Mono: successfully reloaded assembly
- Completed reload, in  1.074 seconds
Platform modules already initialized, skipping
Refreshing native plugins compatible for Editor in 0.66 ms, found 1 plugins.
Preloading 0 native plugins for Editor in 0.00 ms.
Unloading 1824 Unused Serialized files (Serialized files now loaded: 0)
System memory in use before: 90.1 MB.
System memory in use after: 90.0 MB.

Unloading 13 unused Assets to reduce memory usage. Loaded Objects now: 2330.
Total: 2.791000 ms (FindLiveObjects: 0.363600 ms CreateObjectMapping: 0.053100 ms MarkObjects: 2.217400 ms  DeleteObjects: 0.155100 ms)

========================================================================
Received Prepare
Registering precompiled user dll's ...
Registered in 0.001375 seconds.
Begin MonoManager ReloadAssembly
Native extension for WindowsStandalone target not found
Native extension for WebGL target not found
Refreshing native plugins compatible for Editor in 0.59 ms, found 1 plugins.
Preloading 0 native plugins for Editor in 0.00 ms.
Invoked RoslynAnalysisRunner static constructor.
RoslynAnalysisRunner will not be running.
RoslynAnalysisRunner has terminated.
Mono: successfully reloaded assembly
- Completed reload, in  1.060 seconds
Platform modules already initialized, skipping
Refreshing native plugins compatible for Editor in 0.58 ms, found 1 plugins.
Preloading 0 native plugins for Editor in 0.00 ms.
Unloading 1824 Unused Serialized files (Serialized files now loaded: 0)
System memory in use before: 90.1 MB.
System memory in use after: 90.1 MB.

Unloading 13 unused Assets to reduce memory usage. Loaded Objects now: 2332.
Total: 2.982300 ms (FindLiveObjects: 0.366400 ms CreateObjectMapping: 0.048600 ms MarkObjects: 2.408100 ms  DeleteObjects: 0.157900 ms)

========================================================================
Received Prepare
Registering precompiled user dll's ...
Registered in 0.001695 seconds.
Begin MonoManager ReloadAssembly
Native extension for WindowsStandalone target not found
Native extension for WebGL target not found
Refreshing native plugins compatible for Editor in 0.59 ms, found 1 plugins.
Preloading 0 native plugins for Editor in 0.00 ms.
Invoked RoslynAnalysisRunner static constructor.
RoslynAnalysisRunner will not be running.
RoslynAnalysisRunner has terminated.
Mono: successfully reloaded assembly
- Completed reload, in  1.066 seconds
Platform modules already initialized, skipping
Refreshing native plugins compatible for Editor in 0.62 ms, found 1 plugins.
Preloading 0 native plugins for Editor in 0.00 ms.
Unloading 1824 Unused Serialized files (Serialized files now loaded: 0)
System memory in use before: 90.1 MB.
System memory in use after: 90.1 MB.

Unloading 13 unused Assets to reduce memory usage. Loaded Objects now: 2334.
Total: 2.634200 ms (FindLiveObjects: 0.290200 ms CreateObjectMapping: 0.057200 ms MarkObjects: 2.119300 ms  DeleteObjects: 0.164600 ms)

========================================================================
Received Prepare
Registering precompiled user dll's ...
Registered in 0.001359 seconds.
Begin MonoManager ReloadAssembly
Native extension for WindowsStandalone target not found
Native extension for WebGL target not found
Refreshing native plugins compatible for Editor in 0.59 ms, found 1 plugins.
Preloading 0 native plugins for Editor in 0.00 ms.
Invoked RoslynAnalysisRunner static constructor.
RoslynAnalysisRunner will not be running.
RoslynAnalysisRunner has terminated.
Mono: successfully reloaded assembly
- Completed reload, in  1.070 seconds
Platform modules already initialized, skipping
Refreshing native plugins compatible for Editor in 0.58 ms, found 1 plugins.
Preloading 0 native plugins for Editor in 0.00 ms.
Unloading 1824 Unused Serialized files (Serialized files now loaded: 0)
System memory in use before: 90.1 MB.
System memory in use after: 90.1 MB.

Unloading 13 unused Assets to reduce memory usage. Loaded Objects now: 2336.
Total: 2.650000 ms (FindLiveObjects: 0.420600 ms CreateObjectMapping: 0.081900 ms MarkObjects: 1.984100 ms  DeleteObjects: 0.162000 ms)

========================================================================
Received Prepare
Refreshing native plugins compatible for Editor in 2.54 ms, found 1 plugins.
Preloading 0 native plugins for Editor in 0.00 ms.
Unloading 11 Unused Serialized files (Serialized files now loaded: 0)
System memory in use before: 54.3 MB.
System memory in use after: 54.2 MB.

Unloading 10 unused Assets to reduce memory usage. Loaded Objects now: 2336.
Total: 4.713000 ms (FindLiveObjects: 0.480700 ms CreateObjectMapping: 0.085900 ms MarkObjects: 3.930800 ms  DeleteObjects: 0.213200 ms)

========================================================================
Received Prepare
Registering precompiled user dll's ...
Registered in 0.173828 seconds.
Begin MonoManager ReloadAssembly
Native extension for WindowsStandalone target not found
Native extension for WebGL target not found
Refreshing native plugins compatible for Editor in 0.64 ms, found 1 plugins.
Preloading 0 native plugins for Editor in 0.00 ms.
Invoked RoslynAnalysisRunner static constructor.
RoslynAnalysisRunner will not be running.
RoslynAnalysisRunner has terminated.
Mono: successfully reloaded assembly
- Completed reload, in  9.846 seconds
Platform modules already initialized, skipping
Refreshing native plugins compatible for Editor in 0.62 ms, found 1 plugins.
Preloading 0 native plugins for Editor in 0.00 ms.
Unloading 1824 Unused Serialized files (Serialized files now loaded: 0)
System memory in use before: 90.1 MB.
System memory in use after: 90.1 MB.

Unloading 13 unused Assets to reduce memory usage. Loaded Objects now: 2338.
Total: 2.507000 ms (FindLiveObjects: 0.246200 ms CreateObjectMapping: 0.053000 ms MarkObjects: 2.060900 ms  DeleteObjects: 0.145600 ms)

========================================================================
Received Prepare
Refreshing native plugins compatible for Editor in 2.40 ms, found 1 plugins.
Preloading 0 native plugins for Editor in 0.00 ms.
Unloading 11 Unused Serialized files (Serialized files now loaded: 0)
System memory in use before: 54.3 MB.
System memory in use after: 54.3 MB.

Unloading 10 unused Assets to reduce memory usage. Loaded Objects now: 2338.
Total: 2.531300 ms (FindLiveObjects: 0.287700 ms CreateObjectMapping: 0.050500 ms MarkObjects: 2.041800 ms  DeleteObjects: 0.149700 ms)

========================================================================
Received Prepare
Refreshing native plugins compatible for Editor in 2.53 ms, found 1 plugins.
Preloading 0 native plugins for Editor in 0.00 ms.
Unloading 11 Unused Serialized files (Serialized files now loaded: 0)
System memory in use before: 54.3 MB.
System memory in use after: 54.3 MB.

Unloading 10 unused Assets to reduce memory usage. Loaded Objects now: 2338.
Total: 2.516800 ms (FindLiveObjects: 0.246200 ms CreateObjectMapping: 0.048500 ms MarkObjects: 2.070300 ms  DeleteObjects: 0.150300 ms)

========================================================================
Received Import Request.
  Time since last request: 2696.852478 seconds.
  path: Assets/Audio/Dialogue Blip.wav
  artifactKey: Guid(97adc6db100612c408089cef156b836b) Importer(815301076,1909f56bfc062723c751e8b465ee728b)
Start importing Assets/Audio/Dialogue Blip.wav using Guid(97adc6db100612c408089cef156b836b) Importer(815301076,1909f56bfc062723c751e8b465ee728b)  -> (artifact id: '7e1a4e279105bdf26f0fb6d3fe0e6170') in 4.294263 seconds
  Import took 4.344171 seconds .

========================================================================
Received Import Request.
  Time since last request: 0.025646 seconds.
  path: Assets/Audio/Shadow Off.wav
  artifactKey: Guid(4e7a8212796f574418244cd2d83924f3) Importer(815301076,1909f56bfc062723c751e8b465ee728b)
Start importing Assets/Audio/Shadow Off.wav using Guid(4e7a8212796f574418244cd2d83924f3) Importer(815301076,1909f56bfc062723c751e8b465ee728b)  -> (artifact id: '19bc4f69be7157ab018d4dbe395aeb32') in 0.034926 seconds
  Import took 0.040145 seconds .

========================================================================
Received Import Request.
  Time since last request: 0.000533 seconds.
  path: Assets/Audio/Spring Bounce.wav
  artifactKey: Guid(a40d1f19591400b4d84f50b9431393b5) Importer(815301076,1909f56bfc062723c751e8b465ee728b)
Start importing Assets/Audio/Spring Bounce.wav using Guid(a40d1f19591400b4d84f50b9431393b5) Importer(815301076,1909f56bfc062723c751e8b465ee728b)  -> (artifact id: '9f46dab6e19269618c4cef470d17cdcd') in 0.019643 seconds
  Import took 0.025491 seconds .

========================================================================
Received Import Request.
  Time since last request: 0.000307 seconds.
  path: Assets/Audio/Player Hit.wav
  artifactKey: Guid(6c84bf06669984448bc12850e84bfbad) Importer(815301076,1909f56bfc062723c751e8b465ee728b)
Start importing Assets/Audio/Player Hit.wav using Guid(6c84bf06669984448bc12850e84bfbad) Importer(815301076,1909f56bfc062723c751e8b465ee728b)  -> (artifact id: 'd07ee26255ad725a7e617d1faaac2e49') in 0.045467 seconds
  Import took 0.050992 seconds .

========================================================================
Received Import Request.
  Time since last request: 0.000323 seconds.
  path: Assets/Audio/Enemy Hit.wav
  artifactKey: Guid(e2bc2bcfa4cfdaa42b7821a72bb353cf) Importer(815301076,1909f56bfc062723c751e8b465ee728b)
Start importing Assets/Audio/Enemy Hit.wav using Guid(e2bc2bcfa4cfdaa42b7821a72bb353cf) Importer(815301076,1909f56bfc062723c751e8b465ee728b)  -> (artifact id: '4ea007a2a7cf823cfb2ee19a83e4acd6') in 0.025120 seconds
  Import took 0.028482 seconds .

========================================================================
Received Import Request.
  Time since last request: 0.000275 seconds.
  path: Assets/Audio/Ray Fire.wav
  artifactKey: Guid(e8dc0e3eaaf46d344b606d1bf77651d1) Importer(815301076,1909f56bfc062723c751e8b465ee728b)
Start importing Assets/Audio/Ray Fire.wav using Guid(e8dc0e3eaaf46d344b606d1bf77651d1) Importer(815301076,1909f56bfc062723c751e8b465ee728b)  -> (artifact id: '6ca148ba71e95a1a212f1430390fac1e') in 0.018693 seconds
  Import took 0.021753 seconds .

========================================================================
Received Import Request.
  Time since last request: 0.000211 seconds.
  path: Assets/Audio/Shadow On.wav
  artifactKey: Guid(5cee0423c0b5b1246991d2b955e6b9d2) Importer(815301076,1909f56bfc062723c751e8b465ee728b)
Start importing Assets/Audio/Shadow On.wav using Guid(5cee0423c0b5b1246991d2b955e6b9d2) Importer(815301076,1909f56bfc062723c751e8b465ee728b)  -> (artifact id: '920736f0ccd202f38d199f1275678447') in 0.019040 seconds
  Import took 0.022112 seconds .

========================================================================
Received Import Request.
  Time since last request: 0.000318 seconds.
  path: Assets/Audio/Jump.wav
  artifactKey: Guid(ee05c1c8388157d4a9ae66f8234e2985) Importer(815301076,1909f56bfc062723c751e8b465ee728b)
Start importing Assets/Audio/Jump.wav using Guid(ee05c1c8388157d4a9ae66f8234e2985) Importer(815301076,1909f56bfc062723c751e8b465ee728b)  -> (artifact id: 'd4ca0330fa0b73b923b6d3a1f5cf15bb') in 0.090024 seconds
  Import took 0.214209 seconds .

========================================================================
Received Import Request.
  Time since last request: 0.000405 seconds.
  path: Assets/Audio/End Jingle.wav
  artifactKey: Guid(994268278bd051d4e8b8d8e5918cf290) Importer(815301076,1909f56bfc062723c751e8b465ee728b)
Start importing Assets/Audio/End Jingle.wav using Guid(994268278bd051d4e8b8d8e5918cf290) Importer(815301076,1909f56bfc062723c751e8b465ee728b)  -> (artifact id: 'df007acce8222f06834a176f794c5f88') in 0.076657 seconds
  Import took 0.079743 seconds .

========================================================================
Received Import Request.
  Time since last request: 0.000278 seconds.
  path: Assets/Audio/Friendly Face.mp3
  artifactKey: Guid(89de4fe57d03af048aee8fc396fdf370) Importer(815301076,1909f56bfc062723c751e8b465ee728b)
Start importing Assets/Audio/Friendly Face.mp3 using Guid(89de4fe57d03af048aee8fc396fdf370) Importer(815301076,1909f56bfc062723c751e8b465ee728b)  -> (artifact id: 'd8c1104ebb0f0d8438bcac1f573265c1') in 0.023415 seconds
  Import took 0.026938 seconds .

========================================================================
Received Import Request.
  Time since last request: 0.851085 seconds.
  path: Assets/Audio/Dialogue Blip.wav
  artifactKey: Guid(97adc6db100612c408089cef156b836b) Importer(815301076,1909f56bfc062723c751e8b465ee728b)
Start importing Assets/Audio/Dialogue Blip.wav using Guid(97adc6db100612c408089cef156b836b) Importer(815301076,1909f56bfc062723c751e8b465ee728b)  -> (artifact id: '7e1a4e279105bdf26f0fb6d3fe0e6170') in 0.012120 seconds
  Import took 0.021427 seconds .

========================================================================
Received Prepare
Refreshing native plugins compatible for Editor in 2.39 ms, found 1 plugins.
Preloading 0 native plugins for Editor in 0.00 ms.
Unloading 11 Unused Serialized files (Serialized files now loaded: 0)
System memory in use before: 54.4 MB.
System memory in use after: 54.4 MB.

Unloading 10 unused Assets to reduce memory usage. Loaded Objects now: 2344.
Total: 3.267300 ms (FindLiveObjects: 0.256800 ms CreateObjectMapping: 0.050200 ms MarkObjects: 2.803300 ms  DeleteObjects: 0.155300 ms)

