Using pre-set license
Built from '2020.2/release' branch; Version is '2020.2.4f1 (becced5a802b) revision 12504301'; Using compiler version '192528614'; Build Type 'Release'
OS: 'Windows 10 Home; OS build 18363.1379; Version 1909; 64bit' Language: 'pt' Physical Memory: 8114 MB
BatchMode: 1, IsHumanControllingUs: 0, StartBugReporterOnCrash: 0, Is64bit: 1, IsPro: 0

 COMMAND LINE ARGUMENTS:
D:\Program Files\Unity\Hub\Editor\2020.2.4f1\Editor\Unity.exe
-adb2
-batchMode
-noUpm
-name
AssetImportWorker0
-projectPath
D:/Users/Avell B154 PLUS/Documents/Game Development/Game Jams/Wowie/Devy/Junkyard
-logFile
Logs/AssetImportWorker0.log
-srvPort
60730
Successfully changed project path to: D:/Users/Avell B154 PLUS/Documents/Game Development/Game Jams/Wowie/Devy/Junkyard
D:/Users/Avell B154 PLUS/Documents/Game Development/Game Jams/Wowie/Devy/Junkyard
Using Asset Import Pipeline V2.
Refreshing native plugins compatible for Editor in 55.59 ms, found 1 plugins.
Preloading 0 native plugins for Editor in 0.00 ms.
Initialize engine version: 2020.2.4f1 (becced5a802b)
[Subsystems] Discovering subsystems at path D:/Program Files/Unity/Hub/Editor/2020.2.4f1/Editor/Data/Resources/UnitySubsystems
[Subsystems] Discovering subsystems at path D:/Users/Avell B154 PLUS/Documents/Game Development/Game Jams/Wowie/Devy/Junkyard/Assets
GfxDevice: creating device client; threaded=0
Direct3D:
    Version:  Direct3D 11.0 [level 11.0]
    Renderer: NVIDIA GeForce 840M (ID=0x1341)
    Vendor:   
    VRAM:     2020 MB
    Driver:   23.21.13.8873
Initialize mono
Mono path[0] = 'D:/Program Files/Unity/Hub/Editor/2020.2.4f1/Editor/Data/Managed'
Mono path[1] = 'D:/Program Files/Unity/Hub/Editor/2020.2.4f1/Editor/Data/MonoBleedingEdge/lib/mono/unityjit'
Mono config path = 'D:/Program Files/Unity/Hub/Editor/2020.2.4f1/Editor/Data/MonoBleedingEdge/etc'
Using monoOptions --debugger-agent=transport=dt_socket,embedding=1,server=y,suspend=n,address=127.0.0.1:56532
Begin MonoManager ReloadAssembly
Registering precompiled unity dll's ...
Register platform support module: D:/Program Files/Unity/Hub/Editor/2020.2.4f1/Editor/Data/PlaybackEngines/WebGLSupport/UnityEditor.WebGL.Extensions.dll
Register platform support module: D:/Program Files/Unity/Hub/Editor/2020.2.4f1/Editor/Data/PlaybackEngines/WindowsStandaloneSupport/UnityEditor.WindowsStandalone.Extensions.dll
Registered in 0.003693 seconds.
Native extension for WindowsStandalone target not found
Native extension for WebGL target not found
Refreshing native plugins compatible for Editor in 58.64 ms, found 1 plugins.
Preloading 0 native plugins for Editor in 0.00 ms.
Invoked RoslynAnalysisRunner static constructor.
RoslynAnalysisRunner will not be running.
RoslynAnalysisRunner has terminated.
Mono: successfully reloaded assembly
- Completed reload, in  2.738 seconds
Platform modules already initialized, skipping
Registering precompiled user dll's ...
Registered in 0.001389 seconds.
Begin MonoManager ReloadAssembly
Native extension for WindowsStandalone target not found
Native extension for WebGL target not found
Refreshing native plugins compatible for Editor in 58.17 ms, found 1 plugins.
Preloading 0 native plugins for Editor in 0.00 ms.
Invoked RoslynAnalysisRunner static constructor.
RoslynAnalysisRunner will not be running.
RoslynAnalysisRunner has terminated.
Mono: successfully reloaded assembly
- Completed reload, in  1.509 seconds
Platform modules already initialized, skipping
========================================================================
Worker process is ready to serve import requests
Launched and connected shader compiler UnityShaderCompiler.exe after 0.23 seconds
Refreshing native plugins compatible for Editor in 0.49 ms, found 1 plugins.
Preloading 0 native plugins for Editor in 0.00 ms.
Unloading 1791 Unused Serialized files (Serialized files now loaded: 0)
System memory in use before: 85.0 MB.
System memory in use after: 84.9 MB.

Unloading 24 unused Assets to reduce memory usage. Loaded Objects now: 2234.
Total: 2.988700 ms (FindLiveObjects: 0.223300 ms CreateObjectMapping: 0.096300 ms MarkObjects: 2.474500 ms  DeleteObjects: 0.191900 ms)

========================================================================
Received Import Request.
  path: Assets/Scenes/Level2.unity
  artifactKey: Guid(77ab2d164ec095e4191999d85230071b) Importer(815301076,1909f56bfc062723c751e8b465ee728b)
Start importing Assets/Scenes/Level2.unity using Guid(77ab2d164ec095e4191999d85230071b) Importer(815301076,1909f56bfc062723c751e8b465ee728b)  -> (artifact id: '770c9607d85e3656d21fc24c376b8170') in 0.062247 seconds
  Import took 0.068032 seconds .

========================================================================
Received Import Request.
  Time since last request: 0.000304 seconds.
  path: Assets/Scenes
  artifactKey: Guid(4b53c96c3c2e57c4a8de1286d830c584) Importer(815301076,1909f56bfc062723c751e8b465ee728b)
Start importing Assets/Scenes using Guid(4b53c96c3c2e57c4a8de1286d830c584) Importer(815301076,1909f56bfc062723c751e8b465ee728b)  -> (artifact id: '5dc886306b1010bcd7056d71190b62cb') in 0.012169 seconds
  Import took 0.018458 seconds .

========================================================================
Received Import Request.
  Time since last request: 1227.842458 seconds.
  path: Assets/Fonts
  artifactKey: Guid(1617d9c9b7e960847baf4941fe829ba6) Importer(815301076,1909f56bfc062723c751e8b465ee728b)
Start importing Assets/Fonts using Guid(1617d9c9b7e960847baf4941fe829ba6) Importer(815301076,1909f56bfc062723c751e8b465ee728b)  -> (artifact id: 'efb4d35bbfeb4bf5f4f186ff37f6a537') in 0.067636 seconds
  Import took 0.074768 seconds .

========================================================================
Received Import Request.
  Time since last request: 25.340123 seconds.
  path: Assets/New Physics Material 2D.physicsMaterial2D
  artifactKey: Guid(b4eeaab415ef8cb49b4195d89eb0021a) Importer(815301076,1909f56bfc062723c751e8b465ee728b)
Start importing Assets/New Physics Material 2D.physicsMaterial2D using Guid(b4eeaab415ef8cb49b4195d89eb0021a) Importer(815301076,1909f56bfc062723c751e8b465ee728b)  -> (artifact id: '90b8fb3981d2674feaa7cd027046e691') in 0.048374 seconds
  Import took 0.053372 seconds .

AssetImportWorkerClient::OnTransportError - code=2 error=End of file
